<?xml version="1.0" encoding="UTF-8"?>
<!-- Generated by org.testng.reporters.JUnitReportReporter -->
<testsuite hostname="TCS1INMLBK42N93" failures="0" tests="1" name="testCases.tc_002_LoginTest" time="8.707" errors="0" timestamp="2024-07-22T09:44:55 BST" skipped="0">
  <testcase classname="testCases.tc_002_LoginTest" name="verify_login" time="8.707"/>
</testsuite> <!-- testCases.tc_002_LoginTest -->
