<?xml version="1.0" encoding="UTF-8"?>
<!-- Generated by org.testng.reporters.JUnitReportReporter -->
<testsuite hostname="TCS1INMLBK42N93" failures="0" tests="1" name="testCases.tc_001_AccountRegistrationTest" time="12.362" errors="0" timestamp="2024-07-22T09:44:55 BST" skipped="0">
  <testcase classname="testCases.tc_001_AccountRegistrationTest" name="verify_account_registration" time="12.362"/>
</testsuite> <!-- testCases.tc_001_AccountRegistrationTest -->
