<?xml version="1.0" encoding="UTF-8"?>
<!-- Generated by org.testng.reporters.JUnitReportReporter -->
<testsuite hostname="TCS1INMLBK42N93" failures="0" tests="1" name="testCases.tc_001_AccountRegistrationTest" time="9.632" errors="0" timestamp="2024-07-22T14:38:40 BST" skipped="0">
  <testcase classname="testCases.tc_001_AccountRegistrationTest" name="verify_account_registration" time="9.632"/>
</testsuite> <!-- testCases.tc_001_AccountRegistrationTest -->
